<?xml version="1.0" encoding="UTF-8"?>
<testsuite xmlns:xsi="http://www.w3.org/2001/XMLSchema-instance" xsi:noNamespaceSchemaLocation="https://maven.apache.org/surefire/maven-surefire-plugin/xsd/surefire-test-report.xsd" name="imt.AppTest" time="0.004" tests="1" errors="0" skipped="0" failures="0">
  <properties>
    <property name="sun.desktop" value="windows"/>
    <property name="awt.toolkit" value="sun.awt.windows.WToolkit"/>
    <property name="file.encoding.pkg" value="sun.io"/>
    <property name="java.specification.version" value="1.8"/>
    <property name="sun.cpu.isalist" value="amd64"/>
    <property name="sun.jnu.encoding" value="Cp1252"/>
    <property name="java.class.path" value="C:\Users\BigFootleterrible\Desktop\IMT\mai2019\Outils\imt.outils\target\test-classes;C:\Users\BigFootleterrible\Desktop\IMT\mai2019\Outils\imt.outils\target\classes;C:\Users\BigFootleterrible\.m2\repository\junit\junit\3.8.1\junit-3.8.1.jar;"/>
    <property name="java.vm.vendor" value="Oracle Corporation"/>
    <property name="sun.arch.data.model" value="64"/>
    <property name="user.variant" value=""/>
    <property name="java.vendor.url" value="http://java.oracle.com/"/>
    <property name="user.timezone" value="Europe/Paris"/>
    <property name="java.vm.specification.version" value="1.8"/>
    <property name="os.name" value="Windows 10"/>
    <property name="user.country" value="FR"/>
    <property name="sun.java.launcher" value="SUN_STANDARD"/>
    <property name="sun.boot.library.path" value="C:\Program Files (x86)\Java\jre1.8.0_131\bin"/>
    <property name="sun.java.command" value="C:\Users\BIGFOO~1\AppData\Local\Temp\surefire7753025747047442048\surefirebooter341192168449433608.jar C:\Users\BigFootleterrible\AppData\Local\Temp\surefire7753025747047442048 2019-05-14T16-39-41_367-jvmRun1 surefire8150621075780142563tmp surefire_01253975605404155035tmp"/>
    <property name="surefire.test.class.path" value="C:\Users\BigFootleterrible\Desktop\IMT\mai2019\Outils\imt.outils\target\test-classes;C:\Users\BigFootleterrible\Desktop\IMT\mai2019\Outils\imt.outils\target\classes;C:\Users\BigFootleterrible\.m2\repository\junit\junit\3.8.1\junit-3.8.1.jar;"/>
    <property name="sun.cpu.endian" value="little"/>
    <property name="user.home" value="C:\Users\BigFootleterrible"/>
    <property name="user.language" value="fr"/>
    <property name="java.specification.vendor" value="Oracle Corporation"/>
    <property name="java.home" value="C:\Program Files (x86)\Java\jre1.8.0_131"/>
    <property name="basedir" value="C:\Users\BigFootleterrible\Desktop\IMT\mai2019\Outils\imt.outils"/>
    <property name="file.separator" value="\"/>
    <property name="line.separator" value="&#10;"/>
    <property name="java.vm.specification.vendor" value="Oracle Corporation"/>
    <property name="java.specification.name" value="Java Platform API Specification"/>
    <property name="java.awt.graphicsenv" value="sun.awt.Win32GraphicsEnvironment"/>
    <property name="surefire.real.class.path" value="C:\Users\BIGFOO~1\AppData\Local\Temp\surefire7753025747047442048\surefirebooter341192168449433608.jar"/>
    <property name="sun.boot.class.path" value="C:\Program Files (x86)\Java\jre1.8.0_131\lib\resources.jar;C:\Program Files (x86)\Java\jre1.8.0_131\lib\rt.jar;C:\Program Files (x86)\Java\jre1.8.0_131\lib\sunrsasign.jar;C:\Program Files (x86)\Java\jre1.8.0_131\lib\jsse.jar;C:\Program Files (x86)\Java\jre1.8.0_131\lib\jce.jar;C:\Program Files (x86)\Java\jre1.8.0_131\lib\charsets.jar;C:\Program Files (x86)\Java\jre1.8.0_131\lib\jfr.jar;C:\Program Files (x86)\Java\jre1.8.0_131\classes"/>
    <property name="user.script" value=""/>
    <property name="sun.management.compiler" value="HotSpot 64-Bit Tiered Compilers"/>
    <property name="java.runtime.version" value="1.8.0_131-b11"/>
    <property name="user.name" value="BigFootleterrible"/>
    <property name="path.separator" value=";"/>
    <property name="os.version" value="10.0"/>
    <property name="java.endorsed.dirs" value="C:\Program Files (x86)\Java\jre1.8.0_131\lib\endorsed"/>
    <property name="java.runtime.name" value="Java(TM) SE Runtime Environment"/>
    <property name="file.encoding" value="Cp1252"/>
    <property name="java.vm.name" value="Java HotSpot(TM) 64-Bit Server VM"/>
    <property name="localRepository" value="C:\Users\BigFootleterrible\.m2\repository"/>
    <property name="java.vendor.url.bug" value="http://bugreport.sun.com/bugreport/"/>
    <property name="java.io.tmpdir" value="C:\Users\BIGFOO~1\AppData\Local\Temp\"/>
    <property name="java.version" value="1.8.0_131"/>
    <property name="user.dir" value="C:\Users\BigFootleterrible\Desktop\IMT\mai2019\Outils\imt.outils"/>
    <property name="os.arch" value="amd64"/>
    <property name="java.vm.specification.name" value="Java Virtual Machine Specification"/>
    <property name="java.awt.printerjob" value="sun.awt.windows.WPrinterJob"/>
    <property name="sun.os.patch.level" value=""/>
    <property name="java.library.path" value="C:\Program Files (x86)\Java\jre1.8.0_131\bin;C:\WINDOWS\Sun\Java\bin;C:\WINDOWS\system32;C:\WINDOWS;C:/Program Files (x86)/Java/jre1.8.0_131/bin/server;C:/Program Files (x86)/Java/jre1.8.0_131/bin;C:/Program Files (x86)/Java/jre1.8.0_131/lib/amd64;C:\Python27\;C:\Python27\Scripts;C:\ProgramData\Boxstarter;C:\Program Files\Docker\Docker\Resources\bin;C:\Program Files (x86)\Common Files\Oracle\Java\javapath;C:\WINDOWS\system32;C:\WINDOWS;C:\WINDOWS\System32\Wbem;C:\WINDOWS\System32\WindowsPowerShell\v1.0\;C:\Program Files (x86)\Skype\Phone\;C:\Program Files\Microsoft SQL Server\130\Tools\Binn\;C:\Program Files\dotnet\;C:\Program Files (x86)\GtkSharp\2.12\bin;C:\WINDOWS\System32\OpenSSH\;C:\WINDOWS\system32;C:\Program Files (x86)\NVIDIA Corporation\PhysX\Common;C:\Program Files\nodejs\;C:\ProgramData\chocolatey\bin;C:\Program Files (x86)\vim\vim80;C:\Program Files\Microsoft VS Code\bin;C:\Program Files\Git\cmd;C:\MinGW\bin;C:\MinGW\msys\1.0\bin;C:\Users\BigFootleterrible\AppData\Local\Programs\Python\Python36-32\Scripts\;C:\Users\BigFootleterrible\AppData\Local\Programs\Python\Python36-32\;C:\Users\BigFootleterrible\AppData\Local\Microsoft\WindowsApps;C:\Program Files\Microsoft VS Code\bin;C:\Users\BigFootleterrible\Desktop\C\gcc-8.1.0\gcc\c;C:\Program Files\Java\jdk-11.0.1\bin;C:\Users\BigFootleterrible\AppData\Roaming\npm;C:\Program Files (x86)\vim\vim80\vim.exe;C:\Program Files (x86)\4.01.0+ocp1-full-mingw64-20160113\bin\ocaml.exe;C:\Program Files (x86)\Maven\apache-maven-3.6.0\bin;C:\Program Files (x86)\Nmap;C:\Users\BigFootleterrible\.dotnet\tools;;C:\WINDOWS\System32;;."/>
    <property name="java.vm.info" value="mixed mode"/>
    <property name="java.vendor" value="Oracle Corporation"/>
    <property name="java.vm.version" value="25.131-b11"/>
    <property name="java.ext.dirs" value="C:\Program Files (x86)\Java\jre1.8.0_131\lib\ext;C:\WINDOWS\Sun\Java\lib\ext"/>
    <property name="sun.io.unicode.encoding" value="UnicodeLittle"/>
    <property name="java.class.version" value="52.0"/>
  </properties>
  <testcase name="testApp" classname="imt.AppTest" time="0.001"/>
</testsuite>